<?xml version="1.0" encoding="UTF-8"?>
<!-- Generated by org.testng.reporters.JUnitReportReporter -->
<testsuite hostname="Raramuri" failures="0" tests="1" name="org.example.google" time="8.485" errors="0" timestamp="2022-05-16T15:49:53 IST" skipped="0">
  <testcase classname="org.example.google" name="automation" time="8.485"/>
  <system-out/>
</testsuite> <!-- org.example.google -->
